<?xml version="1.0" encoding="UTF-8"?>
<testsuite xmlns:xsi="http://www.w3.org/2001/XMLSchema-instance" xsi:noNamespaceSchemaLocation="https://maven.apache.org/surefire/maven-surefire-plugin/xsd/surefire-test-report.xsd" name="TestRunner.testRun" time="168.682" tests="66" errors="0" skipped="5" failures="6">
  <properties>
[...]
</properties>
  <testcase name="Given user launch Chrome browser" classname="Scenario: Testing of the login page" time="0.001"/>
  <testcase name="When user opens URL &quot;http://admin-demo.nopcommerce.com/login&quot;" classname="Scenario: Testing of the login page" time="0"/>
  <testcase name="And user enters Email as &quot;admin@yourstore.com&quot; and &quot;admin&quot; as password" classname="Scenario: Testing of the login page" time="0"/>
  <testcase name="And user clicks on login" classname="Scenario: Testing of the login page" time="0.001"/>
  <testcase name="Then page title should be &quot;Dashboard / nopCommerce administration&quot;" classname="Scenario: Testing of the login page" time="0"/>
  <testcase name="When user click on Logout link" classname="Scenario: Testing of the login page" time="0"/>
  <testcase name="Then page title should be &quot;Your store. Login&quot;" classname="Scenario: Testing of the login page" time="0"/>
  <testcase name="And user close browser" classname="Scenario: Testing of the login page" time="0"/>
  <testcase name="Scenario: Testing of the login page" classname="Scenario: Testing of the login page" time="0.001"/>
  <testcase name="Given user launch Chrome browser" classname="| admin@yourstore.com | admin |" time="0"/>
  <testcase name="When user opens URL &quot;http://admin-demo.nopcommerce.com/login&quot;" classname="| admin@yourstore.com | admin |" time="0"/>
  <testcase name="And user enters Email as &quot;admin@yourstore.com&quot; and &quot;admin&quot; as password" classname="| admin@yourstore.com | admin |" time="0"/>
  <testcase name="And user clicks on login" classname="| admin@yourstore.com | admin |" time="0"/>
  <testcase name="Then page title should be &quot;Dashboard / nopCommerce administration&quot;" classname="| admin@yourstore.com | admin |" time="0"/>
  <testcase name="When user click on Logout link" classname="| admin@yourstore.com | admin |" time="0"/>
  <testcase name="Then page title should be &quot;Your store. Login&quot;" classname="| admin@yourstore.com | admin |" time="0"/>
  <testcase name="And user close browser" classname="| admin@yourstore.com | admin |" time="0"/>
  <testcase name="| admin@yourstore.com | admin |" classname="| admin@yourstore.com | admin |" time="0"/>
  <testcase name="Given user launch Chrome browser" classname="| admin@yourstore.com | admin123 |" time="0"/>
  <testcase name="When user opens URL &quot;http://admin-demo.nopcommerce.com/login&quot;" classname="| admin@yourstore.com | admin123 |" time="0"/>
  <testcase name="And user enters Email as &quot;admin@yourstore.com&quot; and &quot;admin123&quot; as password" classname="| admin@yourstore.com | admin123 |" time="0"/>
  <testcase name="And user clicks on login" classname="| admin@yourstore.com | admin123 |" time="0"/>
  <testcase name="Then page title should be &quot;Dashboard / nopCommerce administration&quot;" classname="| admin@yourstore.com | admin123 |" time="0.003">
    <failure type="java.lang.AssertionError">java.lang.AssertionError
</failure>
  </testcase>
  <testcase name="| admin@yourstore.com | admin123 |" classname="| admin@yourstore.com | admin123 |" time="0.003">
    <failure type="java.lang.AssertionError">java.lang.AssertionError
</failure>
  </testcase>
  <testcase name="When user click on Logout link" classname="| admin@yourstore.com | admin123 |" time="0">
    <skipped/>
  </testcase>
  <testcase name="Then page title should be &quot;Your store. Login&quot;" classname="| admin@yourstore.com | admin123 |" time="0">
    <skipped/>
  </testcase>
  <testcase name="And user close browser" classname="| admin@yourstore.com | admin123 |" time="0">
    <skipped/>
  </testcase>
  <testcase name="Given user launch Chrome browser" classname="Scenario: Add a new customer" time="0"/>
  <testcase name="When user opens URL &quot;http://admin-demo.nopcommerce.com/login&quot;" classname="Scenario: Add a new customer" time="0"/>
  <testcase name="And user enters Email as &quot;admin@yourstore.com&quot; and &quot;admin&quot; as password" classname="Scenario: Add a new customer" time="0"/>
  <testcase name="And user clicks on login" classname="Scenario: Add a new customer" time="0"/>
  <testcase name="Then user can view Dashboard" classname="Scenario: Add a new customer" time="0"/>
  <testcase name="When user clicks on customers Menu" classname="Scenario: Add a new customer" time="0"/>
  <testcase name="And clicks on customers Menu item" classname="Scenario: Add a new customer" time="0"/>
  <testcase name="And clicks on Add new button" classname="Scenario: Add a new customer" time="0"/>
  <testcase name="Then user can view Add new customer page" classname="Scenario: Add a new customer" time="0"/>
  <testcase name="When user enters customer info" classname="Scenario: Add a new customer" time="0"/>
  <testcase name="And clicks on Save button" classname="Scenario: Add a new customer" time="0"/>
  <testcase name="Then User can view confirmation massage &quot;The new customer has been added successfully.&quot;" classname="Scenario: Add a new customer" time="0">
    <failure message="expected:&lt;[]The new customer has...&gt; but was:&lt;[×&#10;]The new customer has...&gt;" type="org.junit.ComparisonFailure"><![CDATA[org.junit.ComparisonFailure: 
expected:<[]The new customer has...> but was:<[×
]The new customer has...>
]]></failure>
    <system-out><![CDATA[The confirmation message is ×
The new customer has been added successfully.
]]></system-out>
  </testcase>
  <testcase name="Scenario: Add a new customer" classname="Scenario: Add a new customer" time="0">
    <failure message="expected:&lt;[]The new customer has...&gt; but was:&lt;[×&#10;]The new customer has...&gt;" type="org.junit.ComparisonFailure"><![CDATA[org.junit.ComparisonFailure: 
expected:<[]The new customer has...> but was:<[×
]The new customer has...>
]]></failure>
  </testcase>
  <testcase name="And user close browser" classname="Scenario: Add a new customer" time="0">
    <skipped/>
  </testcase>
  <testcase name="Given user launch Chrome browser" classname="Scenario: Search Customer by EmailID" time="0"/>
  <testcase name="When user opens URL &quot;http://admin-demo.nopcommerce.com/login&quot;" classname="Scenario: Search Customer by EmailID" time="0"/>
  <testcase name="And user enters Email as &quot;admin@yourstore.com&quot; and &quot;admin&quot; as password" classname="Scenario: Search Customer by EmailID" time="0"/>
  <testcase name="And user clicks on login" classname="Scenario: Search Customer by EmailID" time="0"/>
  <testcase name="Then user can view Dashboard" classname="Scenario: Search Customer by EmailID" time="0"/>
  <testcase name="When user clicks on customers Menu" classname="Scenario: Search Customer by EmailID" time="0"/>
  <testcase name="And clicks on customers Menu item" classname="Scenario: Search Customer by EmailID" time="0"/>
  <testcase name="And Enters customer Email" classname="Scenario: Search Customer by EmailID" time="0.001"/>
  <testcase name="When clicks on search button" classname="Scenario: Search Customer by EmailID" time="0"/>
  <testcase name="Then User should found Email in the Search table" classname="Scenario: Search Customer by EmailID" time="0"/>
  <testcase name="And close browser" classname="Scenario: Search Customer by EmailID" time="0"/>
  <testcase name="Scenario: Search Customer by EmailID" classname="Scenario: Search Customer by EmailID" time="0"/>
  <testcase name="Given user launch Chrome browser" classname="Scenario: Search Customer by Name" time="0"/>
  <testcase name="When user opens URL &quot;http://admin-demo.nopcommerce.com/login&quot;" classname="Scenario: Search Customer by Name" time="0"/>
  <testcase name="And user enters Email as &quot;admin@yourstore.com&quot; and &quot;admin&quot; as password" classname="Scenario: Search Customer by Name" time="0"/>
  <testcase name="And user clicks on login" classname="Scenario: Search Customer by Name" time="0"/>
  <testcase name="Then user can view Dashboard" classname="Scenario: Search Customer by Name" time="0"/>
  <testcase name="When user clicks on customers Menu" classname="Scenario: Search Customer by Name" time="0"/>
  <testcase name="And clicks on customers Menu item" classname="Scenario: Search Customer by Name" time="0"/>
  <testcase name="And Enters customer FirstName" classname="Scenario: Search Customer by Name" time="0"/>
  <testcase name="And Enters customer LastName" classname="Scenario: Search Customer by Name" time="0"/>
  <testcase name="When clicks on search button" classname="Scenario: Search Customer by Name" time="0"/>
  <testcase name="Then User should found Name in the Search table" classname="Scenario: Search Customer by Name" time="0">
    <failure message="expected:&lt;true&gt; but was:&lt;false&gt;" type="java.lang.AssertionError"><![CDATA[java.lang.AssertionError: expected:<true> but was:<false>
]]></failure>
    <system-out><![CDATA[Peter Ken
Mohit Sharma
Mohit Sharma
Peter Ken
Mohit Sharma
Mohit Sharma
Mohit Sharma
Mohit Sharma
Victoria Terces
Brenda Lindgren
James Pan
Arthur Holmes
Steve Gates
John Smith
]]></system-out>
  </testcase>
  <testcase name="Scenario: Search Customer by Name" classname="Scenario: Search Customer by Name" time="0">
    <failure message="expected:&lt;true&gt; but was:&lt;false&gt;" type="java.lang.AssertionError"><![CDATA[java.lang.AssertionError: expected:<true> but was:<false>
]]></failure>
  </testcase>
  <testcase name="And close browser" classname="Scenario: Search Customer by Name" time="0">
    <skipped/>
  </testcase>
</testsuite>